<?xml version="1.0" encoding="UTF-8"?>
<!-- Generated by org.testng.reporters.JUnitReportReporter -->
<testsuite skipped="0" hostname="DESKTOP-A55RLL9" name="TC004_OrangeHRMApplication" tests="3" failures="0" timestamp="2021-11-09T21:56:51 EST" time="42.425" errors="0">
  <testcase name="verifyApplication" time="12.596" classname="TC004_OrangeHRMApplication"/>
  <testcase name="verifyForgotPassword" time="12.965" classname="TC004_OrangeHRMApplication"/>
  <testcase name="login" time="16.864" classname="TC004_OrangeHRMApplication"/>
</testsuite> <!-- TC004_OrangeHRMApplication -->
